<?xml version="1.0" encoding="UTF-8"?>
<testsuite xmlns:xsi="http://www.w3.org/2001/XMLSchema-instance" xsi:noNamespaceSchemaLocation="https://maven.apache.org/surefire/maven-surefire-plugin/xsd/surefire-test-report-3.0.xsd" version="3.0" name="com.panel.LRapp.LRappApplicationTests" time="20.384" tests="1" errors="0" skipped="0" failures="0">
  <properties>
[...]
</properties>
  <testcase name="contextLoads" classname="com.panel.LRapp.LRappApplicationTests" time="2.527">
    <system-out><![CDATA[21:44:21.281 [main] INFO org.springframework.test.context.support.AnnotationConfigContextLoaderUtils -- Could not detect default configuration classes for test class [com.panel.LRapp.LRappApplicationTests]: LRappApplicationTests does not declare any static, non-private, non-final, nested classes annotated with @Configuration.
21:44:21.654 [main] INFO org.springframework.boot.test.context.SpringBootTestContextBootstrapper -- Found @SpringBootConfiguration com.panel.LRapp.LRappApplication for test class com.panel.LRapp.LRappApplicationTests
21:44:23.548 [main] INFO org.springframework.boot.devtools.restart.RestartApplicationListener -- Restart disabled due to context in which it is running

  .   ____          _            __ _ _
 /\\ / ___'_ __ _ _(_)_ __  __ _ \ \ \ \
( ( )\___ | '_ | '_| | '_ \/ _` | \ \ \ \
 \\/  ___)| |_)| | | | | || (_| |  ) ) ) )
  '  |____| .__|_| |_|_| |_\__, | / / / /
 =========|_|==============|___/=/_/_/_/
 :: Spring Boot ::               (v3.1.10)

2024-05-08T21:44:24.298+03:00  INFO 12956 --- [           main] com.panel.LRapp.LRappApplicationTests    : Starting LRappApplicationTests using Java 17.0.9 with PID 12956 (started by HP 450 G6 in D:\lectureSpring\GraduationProject\LRapp)
2024-05-08T21:44:24.304+03:00  INFO 12956 --- [           main] com.panel.LRapp.LRappApplicationTests    : No active profile set, falling back to 1 default profile: "default"
2024-05-08T21:44:26.362+03:00  INFO 12956 --- [           main] .s.d.r.c.RepositoryConfigurationDelegate : Bootstrapping Spring Data JPA repositories in DEFAULT mode.
2024-05-08T21:44:26.547+03:00  INFO 12956 --- [           main] .s.d.r.c.RepositoryConfigurationDelegate : Finished Spring Data repository scanning in 170 ms. Found 9 JPA repository interfaces.
2024-05-08T21:44:27.802+03:00  INFO 12956 --- [           main] o.hibernate.jpa.internal.util.LogHelper  : HHH000204: Processing PersistenceUnitInfo [name: default]
2024-05-08T21:44:27.975+03:00  INFO 12956 --- [           main] org.hibernate.Version                    : HHH000412: Hibernate ORM core version 6.2.22.Final
2024-05-08T21:44:27.980+03:00  INFO 12956 --- [           main] org.hibernate.cfg.Environment            : HHH000406: Using bytecode reflection optimizer
2024-05-08T21:44:28.719+03:00  INFO 12956 --- [           main] o.s.o.j.p.SpringPersistenceUnitInfo      : No LoadTimeWeaver setup: ignoring JPA class transformer
2024-05-08T21:44:28.778+03:00  INFO 12956 --- [           main] com.zaxxer.hikari.HikariDataSource       : HikariPool-1 - Starting...
2024-05-08T21:44:29.691+03:00  INFO 12956 --- [           main] com.zaxxer.hikari.pool.HikariPool        : HikariPool-1 - Added connection com.mysql.cj.jdbc.ConnectionImpl@22686ddb
2024-05-08T21:44:29.700+03:00  INFO 12956 --- [           main] com.zaxxer.hikari.HikariDataSource       : HikariPool-1 - Start completed.
2024-05-08T21:44:30.075+03:00  WARN 12956 --- [           main] org.hibernate.orm.deprecation            : HHH90000025: MySQL57Dialect does not need to be specified explicitly using 'hibernate.dialect' (remove the property setting and it will be selected by default)
2024-05-08T21:44:30.078+03:00  WARN 12956 --- [           main] org.hibernate.orm.deprecation            : HHH90000026: MySQL57Dialect has been deprecated; use org.hibernate.dialect.MySQLDialect instead
2024-05-08T21:44:32.654+03:00  INFO 12956 --- [           main] o.h.e.t.j.p.i.JtaPlatformInitiator       : HHH000489: No JTA platform available (set 'hibernate.transaction.jta.platform' to enable JTA platform integration)
2024-05-08T21:44:34.719+03:00  INFO 12956 --- [           main] j.LocalContainerEntityManagerFactoryBean : Initialized JPA EntityManagerFactory for persistence unit 'default'
2024-05-08T21:44:35.417+03:00  INFO 12956 --- [           main] o.s.d.j.r.query.QueryEnhancerFactory     : Hibernate is in classpath; If applicable, HQL parser will be used.
2024-05-08T21:44:36.854+03:00  WARN 12956 --- [           main] JpaBaseConfiguration$JpaWebConfiguration : spring.jpa.open-in-view is enabled by default. Therefore, database queries may be performed during view rendering. Explicitly configure spring.jpa.open-in-view to disable this warning
2024-05-08T21:44:38.429+03:00  INFO 12956 --- [           main] com.panel.LRapp.LRappApplicationTests    : Started LRappApplicationTests in 14.907 seconds (process running for 20.032)
]]></system-out>
  </testcase>
</testsuite>